<?xml version="1.0" encoding="UTF-8"?>
<!-- Generated by org.testng.reporters.JUnitReportReporter -->
<testsuite hostname="Kotovich_PC" name="com.shaman.githubtest.HomePageTest" tests="3" failures="0" timestamp="8 Sep 2016 16:07:01 GMT" time="6.835" errors="0">
  <testcase name="commitsLinkTest" time="3.225" classname="com.shaman.githubtest.HomePageTest"/>
  <testcase name="searchResPageTest" time="3.590" classname="com.shaman.githubtest.HomePageTest"/>
  <testcase name="btnLinkRepoFTest" time="0.020" classname="com.shaman.githubtest.HomePageTest"/>
</testsuite> <!-- com.shaman.githubtest.HomePageTest -->
