<?xml version="1.0" encoding="UTF-8"?>
<!-- Generated by org.testng.reporters.JUnitReportReporter -->
<testsuite hostname="Kotovich_PC" name="com.shaman.githubtest.ProfilePageTest" tests="1" failures="0" timestamp="8 Sep 2016 09:41:33 GMT" time="0.112" errors="0">
  <testcase name="commitsLinkTest" time="0.112" classname="com.shaman.githubtest.ProfilePageTest"/>
</testsuite> <!-- com.shaman.githubtest.ProfilePageTest -->
