<?xml version="1.0" encoding="UTF-8"?>
<!-- Generated by org.testng.reporters.JUnitReportReporter -->
<testsuite hostname="Kotovich_PC" name="com.shaman.githubtest.ProjSettingsPageTest" tests="1" failures="0" timestamp="7 Sep 2016 21:31:21 GMT" time="0.160" errors="0">
  <testcase name="projectNameTest" time="0.160" classname="com.shaman.githubtest.ProjSettingsPageTest"/>
</testsuite> <!-- com.shaman.githubtest.ProjSettingsPageTest -->
